<?xml version="1.0" encoding="UTF-8"?>
<testsuite xmlns:xsi="http://www.w3.org/2001/XMLSchema-instance" xsi:noNamespaceSchemaLocation="https://maven.apache.org/surefire/maven-surefire-plugin/xsd/surefire-test-report.xsd" version="3.0.2" name="com.calendario.trabajadores.services.user.UserServiceTest" time="5.795" tests="16" errors="0" skipped="0" failures="0">
  <properties>
[...]
</properties>
  <testcase name="crearUsuario" classname="com.calendario.trabajadores.services.user.UserServiceTest" time="0.585">
    <system-out><![CDATA[21:23:09.323 [main] INFO org.springframework.test.context.support.AnnotationConfigContextLoaderUtils -- Could not detect default configuration classes for test class [com.calendario.trabajadores.services.user.UserServiceTest]: UserServiceTest does not declare any static, non-private, non-final, nested classes annotated with @Configuration.
21:23:09.445 [main] INFO org.springframework.boot.test.context.SpringBootTestContextBootstrapper -- Found @SpringBootConfiguration com.calendario.trabajadores.GestionTrabajadoresApplication for test class com.calendario.trabajadores.services.user.UserServiceTest
21:23:09.581 [main] INFO org.springframework.boot.devtools.restart.RestartApplicationListener -- Restart disabled due to context in which it is running

  .   ____          _            __ _ _
 /\\ / ___'_ __ _ _(_)_ __  __ _ \ \ \ \
( ( )\___ | '_ | '_| | '_ \/ _` | \ \ \ \
 \\/  ___)| |_)| | | | | || (_| |  ) ) ) )
  '  |____| .__|_| |_|_| |_\__, | / / / /
 =========|_|==============|___/=/_/_/_/

 :: Spring Boot ::                (v3.4.2)

2025-04-20T21:23:09.827+02:00  INFO 4736 --- [GestionTrabajadores] [           main] c.c.t.services.user.UserServiceTest      : Starting UserServiceTest using Java 21.0.4 with PID 4736 (started by Fabi in D:\DAM\ProyectosIntelliJ2025\GestorTrabajadores\Backend)
2025-04-20T21:23:09.827+02:00  INFO 4736 --- [GestionTrabajadores] [           main] c.c.t.services.user.UserServiceTest      : The following 1 profile is active: "test"
2025-04-20T21:23:10.600+02:00  INFO 4736 --- [GestionTrabajadores] [           main] .s.d.r.c.RepositoryConfigurationDelegate : Bootstrapping Spring Data JPA repositories in DEFAULT mode.
2025-04-20T21:23:10.699+02:00  INFO 4736 --- [GestionTrabajadores] [           main] .s.d.r.c.RepositoryConfigurationDelegate : Finished Spring Data repository scanning in 87 ms. Found 4 JPA repository interfaces.
2025-04-20T21:23:11.170+02:00  INFO 4736 --- [GestionTrabajadores] [           main] o.hibernate.jpa.internal.util.LogHelper  : HHH000204: Processing PersistenceUnitInfo [name: default]
2025-04-20T21:23:11.234+02:00  INFO 4736 --- [GestionTrabajadores] [           main] org.hibernate.Version                    : HHH000412: Hibernate ORM core version 6.6.5.Final
2025-04-20T21:23:11.277+02:00  INFO 4736 --- [GestionTrabajadores] [           main] o.h.c.internal.RegionFactoryInitiator    : HHH000026: Second-level cache disabled
2025-04-20T21:23:11.543+02:00  INFO 4736 --- [GestionTrabajadores] [           main] o.s.o.j.p.SpringPersistenceUnitInfo      : No LoadTimeWeaver setup: ignoring JPA class transformer
2025-04-20T21:23:11.572+02:00  INFO 4736 --- [GestionTrabajadores] [           main] com.zaxxer.hikari.HikariDataSource       : HikariPool-1 - Starting...
2025-04-20T21:23:11.729+02:00  INFO 4736 --- [GestionTrabajadores] [           main] com.zaxxer.hikari.pool.HikariPool        : HikariPool-1 - Added connection conn0: url=jdbc:h2:mem:testdb user=SA
2025-04-20T21:23:11.730+02:00  INFO 4736 --- [GestionTrabajadores] [           main] com.zaxxer.hikari.HikariDataSource       : HikariPool-1 - Start completed.
2025-04-20T21:23:11.753+02:00  WARN 4736 --- [GestionTrabajadores] [           main] org.hibernate.orm.deprecation            : HHH90000025: H2Dialect does not need to be specified explicitly using 'hibernate.dialect' (remove the property setting and it will be selected by default)
2025-04-20T21:23:11.772+02:00  INFO 4736 --- [GestionTrabajadores] [           main] org.hibernate.orm.connections.pooling    : HHH10001005: Database info:
	Database JDBC URL [Connecting through datasource 'HikariDataSource (HikariPool-1)']
	Database driver: undefined/unknown
	Database version: 2.3.232
	Autocommit mode: undefined/unknown
	Isolation level: undefined/unknown
	Minimum pool size: undefined/unknown
	Maximum pool size: undefined/unknown
2025-04-20T21:23:12.618+02:00  INFO 4736 --- [GestionTrabajadores] [           main] o.h.e.t.j.p.i.JtaPlatformInitiator       : HHH000489: No JTA platform available (set 'hibernate.transaction.jta.platform' to enable JTA platform integration)
Hibernate: drop table if exists peticion_viaje cascade 
Hibernate: drop table if exists turnos cascade 
Hibernate: drop table if exists usuario_viaje cascade 
Hibernate: drop table if exists usuarios cascade 
Hibernate: drop table if exists vehiculos cascade 
Hibernate: drop table if exists viajes cascade 
Hibernate: create table peticion_viaje (estado tinyint check (estado between 0 and 2), fecha_creacion timestamp(6), fecha_modificacion timestamp(6), id bigint generated by default as identity, usuario_id bigint, viaje_id bigint, creado_por varchar(255), modificado_por varchar(255), primary key (id))
Hibernate: create table turnos (activo boolean, fecha_creacion timestamp(6), fecha_modificacion timestamp(6), hora_fin timestamp(6) not null, hora_inicio timestamp(6) not null, id bigint generated by default as identity, usuario_id bigint not null, creado_por varchar(255), modificado_por varchar(255), notas_peticion varchar(255), estado_turno enum ('EN_CURSO','FINALIZADO','SIN_EMPEZAR') not null, peticion_turno enum ('ACEPTADA','PENDIENTE','RECHAZADA') not null, primary key (id))
Hibernate: create table usuario_viaje (id bigint generated by default as identity, usuario_id bigint not null, viaje_id bigint not null, primary key (id))
Hibernate: create table usuarios (activo boolean, disponibilidad_horas_extras boolean, puesto tinyint check (puesto between 0 and 2), fecha_creacion timestamp(6), fecha_modificacion timestamp(6), id bigint generated by default as identity, apellido1 varchar(255) not null, apellido2 varchar(255), centro_trabajo varchar(255), contraseña varchar(255) not null, creado_por varchar(255), email varchar(255) not null, localidad varchar(255), modificado_por varchar(255), nombre varchar(255) not null, preferencias_horarias varchar(255), rol varchar(255) not null, telefono varchar(255), primary key (id))
Hibernate: create table vehiculos (activo boolean not null, plazas integer not null, fecha_creacion timestamp(6), fecha_modificacion timestamp(6), id bigint generated by default as identity, usuario_id bigint not null, creado_por varchar(255), matricula varchar(255) not null unique, modelo_coche varchar(255), modificado_por varchar(255), primary key (id))
Hibernate: create table viajes (fecha_salida date, hora_salida time(6), plazas integer not null, fecha_creacion timestamp(6), fecha_modificacion timestamp(6), id bigint generated by default as identity, usuario_id bigint not null, vehiculo_id bigint not null, creado_por varchar(255), destino varchar(255), modificado_por varchar(255), origen varchar(255), estado enum ('DISPONIBLE','EN_CURSO','FINALIZADO'), primary key (id))
Hibernate: alter table if exists peticion_viaje add constraint FK6tvmb2xim01fr2e6mk0j3y8qj foreign key (usuario_id) references usuarios
Hibernate: alter table if exists peticion_viaje add constraint FK87bdqjp3vmlv44tscx67sec6l foreign key (viaje_id) references viajes
Hibernate: alter table if exists turnos add constraint FKb7mrbbhqfbs65k24il9nc7dl5 foreign key (usuario_id) references usuarios
Hibernate: alter table if exists usuario_viaje add constraint FK5m0tmhop0hybdlqh8qehffprf foreign key (usuario_id) references usuarios
Hibernate: alter table if exists usuario_viaje add constraint FKmxcia239kt1r5oar1igdyabgv foreign key (viaje_id) references viajes
Hibernate: alter table if exists vehiculos add constraint FKdhjyx02lnwglmr38720d2bpbo foreign key (usuario_id) references usuarios
Hibernate: alter table if exists viajes add constraint FKgoq4qi4euu9uov10eyjfct3uf foreign key (usuario_id) references usuarios
Hibernate: alter table if exists viajes add constraint FKgeve1bs56hqqbbvocuufbr89h foreign key (vehiculo_id) references vehiculos
2025-04-20T21:23:12.669+02:00  INFO 4736 --- [GestionTrabajadores] [           main] j.LocalContainerEntityManagerFactoryBean : Initialized JPA EntityManagerFactory for persistence unit 'default'
2025-04-20T21:23:12.936+02:00  INFO 4736 --- [GestionTrabajadores] [           main] o.s.d.j.r.query.QueryEnhancerFactory     : Hibernate is in classpath; If applicable, HQL parser will be used.
2025-04-20T21:23:13.718+02:00  WARN 4736 --- [GestionTrabajadores] [           main] JpaBaseConfiguration$JpaWebConfiguration : spring.jpa.open-in-view is enabled by default. Therefore, database queries may be performed during view rendering. Explicitly configure spring.jpa.open-in-view to disable this warning
2025-04-20T21:23:14.144+02:00  INFO 4736 --- [GestionTrabajadores] [           main] c.c.t.services.user.UserServiceTest      : Started UserServiceTest in 4.572 seconds (process running for 5.545)
Hibernate: select u1_0.id,u1_0.activo,u1_0.apellido1,u1_0.apellido2,u1_0.centro_trabajo,u1_0.contraseña,u1_0.creado_por,u1_0.disponibilidad_horas_extras,u1_0.email,u1_0.fecha_creacion,u1_0.fecha_modificacion,u1_0.localidad,u1_0.modificado_por,u1_0.nombre,u1_0.preferencias_horarias,u1_0.puesto,u1_0.rol,u1_0.telefono from usuarios u1_0 where u1_0.email=?
Hibernate: insert into usuarios (activo,apellido1,apellido2,centro_trabajo,contraseña,creado_por,disponibilidad_horas_extras,email,fecha_creacion,fecha_modificacion,localidad,modificado_por,nombre,preferencias_horarias,puesto,rol,telefono,id) values (?,?,?,?,?,?,?,?,?,?,?,?,?,?,?,?,?,default)
]]></system-out>
    <system-err><![CDATA[Mockito is currently self-attaching to enable the inline-mock-maker. This will no longer work in future releases of the JDK. Please add Mockito as an agent to your build what is described in Mockito's documentation: https://javadoc.io/doc/org.mockito/mockito-core/latest/org/mockito/Mockito.html#0.3
WARNING: A Java agent has been loaded dynamically (C:\Users\Fabi\.m2\repository\net\bytebuddy\byte-buddy-agent\1.15.11\byte-buddy-agent-1.15.11.jar)
WARNING: If a serviceability tool is in use, please run with -XX:+EnableDynamicAgentLoading to hide this warning
WARNING: If a serviceability tool is not in use, please run with -Djdk.instrument.traceUsage for more information
WARNING: Dynamic loading of agents will be disallowed by default in a future release
]]></system-err>
  </testcase>
  <testcase name="crearUsuarioExistente" classname="com.calendario.trabajadores.services.user.UserServiceTest" time="0.008">
    <system-out><![CDATA[Hibernate: select u1_0.id,u1_0.activo,u1_0.apellido1,u1_0.apellido2,u1_0.centro_trabajo,u1_0.contraseña,u1_0.creado_por,u1_0.disponibilidad_horas_extras,u1_0.email,u1_0.fecha_creacion,u1_0.fecha_modificacion,u1_0.localidad,u1_0.modificado_por,u1_0.nombre,u1_0.preferencias_horarias,u1_0.puesto,u1_0.rol,u1_0.telefono from usuarios u1_0 where u1_0.email=?
]]></system-out>
  </testcase>
  <testcase name="crearUsuarioSinPassword" classname="com.calendario.trabajadores.services.user.UserServiceTest" time="0.004">
    <system-out><![CDATA[Hibernate: select u1_0.id,u1_0.activo,u1_0.apellido1,u1_0.apellido2,u1_0.centro_trabajo,u1_0.contraseña,u1_0.creado_por,u1_0.disponibilidad_horas_extras,u1_0.email,u1_0.fecha_creacion,u1_0.fecha_modificacion,u1_0.localidad,u1_0.modificado_por,u1_0.nombre,u1_0.preferencias_horarias,u1_0.puesto,u1_0.rol,u1_0.telefono from usuarios u1_0 where u1_0.email=?
]]></system-out>
  </testcase>
  <testcase name="getUsuarioPorId" classname="com.calendario.trabajadores.services.user.UserServiceTest" time="0.02">
    <system-out><![CDATA[Hibernate: select u1_0.id,u1_0.activo,u1_0.apellido1,u1_0.apellido2,u1_0.centro_trabajo,u1_0.contraseña,u1_0.creado_por,u1_0.disponibilidad_horas_extras,u1_0.email,u1_0.fecha_creacion,u1_0.fecha_modificacion,u1_0.localidad,u1_0.modificado_por,u1_0.nombre,u1_0.preferencias_horarias,u1_0.puesto,u1_0.rol,u1_0.telefono from usuarios u1_0 where u1_0.id=?
Hibernate: select v1_0.usuario_id,v1_0.id,v1_0.creado_por,v1_0.destino,v1_0.estado,v1_0.fecha_creacion,v1_0.fecha_modificacion,v1_0.fecha_salida,v1_0.hora_salida,v1_0.modificado_por,v1_0.origen,v1_0.plazas,v1_0.vehiculo_id from viajes v1_0 where v1_0.usuario_id=?
]]></system-out>
  </testcase>
  <testcase name="getUsuarioPorEmail" classname="com.calendario.trabajadores.services.user.UserServiceTest" time="0.007">
    <system-out><![CDATA[Hibernate: select u1_0.id,u1_0.activo,u1_0.apellido1,u1_0.apellido2,u1_0.centro_trabajo,u1_0.contraseña,u1_0.creado_por,u1_0.disponibilidad_horas_extras,u1_0.email,u1_0.fecha_creacion,u1_0.fecha_modificacion,u1_0.localidad,u1_0.modificado_por,u1_0.nombre,u1_0.preferencias_horarias,u1_0.puesto,u1_0.rol,u1_0.telefono from usuarios u1_0 where u1_0.email=?
Hibernate: select v1_0.usuario_id,v1_0.id,v1_0.creado_por,v1_0.destino,v1_0.estado,v1_0.fecha_creacion,v1_0.fecha_modificacion,v1_0.fecha_salida,v1_0.hora_salida,v1_0.modificado_por,v1_0.origen,v1_0.plazas,v1_0.vehiculo_id from viajes v1_0 where v1_0.usuario_id=?
]]></system-out>
  </testcase>
  <testcase name="editarUsuario" classname="com.calendario.trabajadores.services.user.UserServiceTest" time="0.025">
    <system-out><![CDATA[Hibernate: select u1_0.id,u1_0.activo,u1_0.apellido1,u1_0.apellido2,u1_0.centro_trabajo,u1_0.contraseña,u1_0.creado_por,u1_0.disponibilidad_horas_extras,u1_0.email,u1_0.fecha_creacion,u1_0.fecha_modificacion,u1_0.localidad,u1_0.modificado_por,u1_0.nombre,u1_0.preferencias_horarias,u1_0.puesto,u1_0.rol,u1_0.telefono from usuarios u1_0 where u1_0.id=?
Hibernate: select u1_0.id,u1_0.activo,u1_0.apellido1,u1_0.apellido2,u1_0.centro_trabajo,u1_0.contraseña,u1_0.creado_por,u1_0.disponibilidad_horas_extras,u1_0.email,u1_0.fecha_creacion,u1_0.fecha_modificacion,u1_0.localidad,u1_0.modificado_por,u1_0.nombre,u1_0.preferencias_horarias,u1_0.puesto,u1_0.rol,u1_0.telefono from usuarios u1_0 where u1_0.id=?
Hibernate: select uv1_0.usuario_id,uv1_0.id,uv1_0.viaje_id,v1_0.id,v1_0.usuario_id,v1_0.creado_por,v1_0.destino,v1_0.estado,v1_0.fecha_creacion,v1_0.fecha_modificacion,v1_0.fecha_salida,v1_0.hora_salida,v1_0.modificado_por,v1_0.origen,v1_0.plazas,v1_0.vehiculo_id from usuario_viaje uv1_0 left join viajes v1_0 on v1_0.id=uv1_0.viaje_id where uv1_0.usuario_id=?
Hibernate: select v1_0.usuario_id,v1_0.id,v1_0.activo,v1_0.creado_por,v1_0.fecha_creacion,v1_0.fecha_modificacion,v1_0.matricula,v1_0.modelo_coche,v1_0.modificado_por,v1_0.plazas from vehiculos v1_0 where v1_0.usuario_id=?
Hibernate: select v1_0.usuario_id,v1_0.id,v1_0.creado_por,v1_0.destino,v1_0.estado,v1_0.fecha_creacion,v1_0.fecha_modificacion,v1_0.fecha_salida,v1_0.hora_salida,v1_0.modificado_por,v1_0.origen,v1_0.plazas,v1_0.vehiculo_id from viajes v1_0 where v1_0.usuario_id=?
Hibernate: update usuarios set activo=?,apellido1=?,apellido2=?,centro_trabajo=?,contraseña=?,creado_por=?,disponibilidad_horas_extras=?,email=?,fecha_creacion=?,fecha_modificacion=?,localidad=?,modificado_por=?,nombre=?,preferencias_horarias=?,puesto=?,rol=?,telefono=? where id=?
]]></system-out>
  </testcase>
  <testcase name="desactivarUsuario" classname="com.calendario.trabajadores.services.user.UserServiceTest" time="0.008">
    <system-out><![CDATA[Hibernate: select u1_0.id,u1_0.activo,u1_0.apellido1,u1_0.apellido2,u1_0.centro_trabajo,u1_0.contraseña,u1_0.creado_por,u1_0.disponibilidad_horas_extras,u1_0.email,u1_0.fecha_creacion,u1_0.fecha_modificacion,u1_0.localidad,u1_0.modificado_por,u1_0.nombre,u1_0.preferencias_horarias,u1_0.puesto,u1_0.rol,u1_0.telefono from usuarios u1_0 where u1_0.id=?
Hibernate: select v1_0.usuario_id,v1_0.id,v1_0.creado_por,v1_0.destino,v1_0.estado,v1_0.fecha_creacion,v1_0.fecha_modificacion,v1_0.fecha_salida,v1_0.hora_salida,v1_0.modificado_por,v1_0.origen,v1_0.plazas,v1_0.vehiculo_id from viajes v1_0 where v1_0.usuario_id=?
]]></system-out>
  </testcase>
  <testcase name="reactivarUsuario" classname="com.calendario.trabajadores.services.user.UserServiceTest" time="0.008">
    <system-out><![CDATA[Hibernate: select u1_0.id,u1_0.activo,u1_0.apellido1,u1_0.apellido2,u1_0.centro_trabajo,u1_0.contraseña,u1_0.creado_por,u1_0.disponibilidad_horas_extras,u1_0.email,u1_0.fecha_creacion,u1_0.fecha_modificacion,u1_0.localidad,u1_0.modificado_por,u1_0.nombre,u1_0.preferencias_horarias,u1_0.puesto,u1_0.rol,u1_0.telefono from usuarios u1_0 where u1_0.id=?
Hibernate: select v1_0.usuario_id,v1_0.id,v1_0.creado_por,v1_0.destino,v1_0.estado,v1_0.fecha_creacion,v1_0.fecha_modificacion,v1_0.fecha_salida,v1_0.hora_salida,v1_0.modificado_por,v1_0.origen,v1_0.plazas,v1_0.vehiculo_id from viajes v1_0 where v1_0.usuario_id=?
]]></system-out>
  </testcase>
  <testcase name="listarUsuarios" classname="com.calendario.trabajadores.services.user.UserServiceTest" time="0.022">
    <system-out><![CDATA[Hibernate: select u1_0.id,u1_0.activo,u1_0.apellido1,u1_0.apellido2,u1_0.centro_trabajo,u1_0.contraseña,u1_0.creado_por,u1_0.disponibilidad_horas_extras,u1_0.email,u1_0.fecha_creacion,u1_0.fecha_modificacion,u1_0.localidad,u1_0.modificado_por,u1_0.nombre,u1_0.preferencias_horarias,u1_0.puesto,u1_0.rol,u1_0.telefono from usuarios u1_0
Hibernate: select v1_0.usuario_id,v1_0.id,v1_0.creado_por,v1_0.destino,v1_0.estado,v1_0.fecha_creacion,v1_0.fecha_modificacion,v1_0.fecha_salida,v1_0.hora_salida,v1_0.modificado_por,v1_0.origen,v1_0.plazas,v1_0.vehiculo_id from viajes v1_0 where v1_0.usuario_id=?
]]></system-out>
  </testcase>
  <testcase name="loginExitoso" classname="com.calendario.trabajadores.services.user.UserServiceTest" time="0.006">
    <system-out><![CDATA[Hibernate: select u1_0.id,u1_0.activo,u1_0.apellido1,u1_0.apellido2,u1_0.centro_trabajo,u1_0.contraseña,u1_0.creado_por,u1_0.disponibilidad_horas_extras,u1_0.email,u1_0.fecha_creacion,u1_0.fecha_modificacion,u1_0.localidad,u1_0.modificado_por,u1_0.nombre,u1_0.preferencias_horarias,u1_0.puesto,u1_0.rol,u1_0.telefono from usuarios u1_0 where u1_0.email=?
Hibernate: select v1_0.usuario_id,v1_0.id,v1_0.creado_por,v1_0.destino,v1_0.estado,v1_0.fecha_creacion,v1_0.fecha_modificacion,v1_0.fecha_salida,v1_0.hora_salida,v1_0.modificado_por,v1_0.origen,v1_0.plazas,v1_0.vehiculo_id from viajes v1_0 where v1_0.usuario_id=?
]]></system-out>
  </testcase>
  <testcase name="loginPasswordIncorrecta" classname="com.calendario.trabajadores.services.user.UserServiceTest" time="0.005">
    <system-out><![CDATA[Hibernate: select u1_0.id,u1_0.activo,u1_0.apellido1,u1_0.apellido2,u1_0.centro_trabajo,u1_0.contraseña,u1_0.creado_por,u1_0.disponibilidad_horas_extras,u1_0.email,u1_0.fecha_creacion,u1_0.fecha_modificacion,u1_0.localidad,u1_0.modificado_por,u1_0.nombre,u1_0.preferencias_horarias,u1_0.puesto,u1_0.rol,u1_0.telefono from usuarios u1_0 where u1_0.email=?
]]></system-out>
  </testcase>
  <testcase name="loginUsuarioNoExiste" classname="com.calendario.trabajadores.services.user.UserServiceTest" time="0.004">
    <system-out><![CDATA[Hibernate: select u1_0.id,u1_0.activo,u1_0.apellido1,u1_0.apellido2,u1_0.centro_trabajo,u1_0.contraseña,u1_0.creado_por,u1_0.disponibilidad_horas_extras,u1_0.email,u1_0.fecha_creacion,u1_0.fecha_modificacion,u1_0.localidad,u1_0.modificado_por,u1_0.nombre,u1_0.preferencias_horarias,u1_0.puesto,u1_0.rol,u1_0.telefono from usuarios u1_0 where u1_0.email=?
]]></system-out>
  </testcase>
  <testcase name="logoutExitoso" classname="com.calendario.trabajadores.services.user.UserServiceTest" time="0.005">
    <system-out><![CDATA[Hibernate: select u1_0.id,u1_0.activo,u1_0.apellido1,u1_0.apellido2,u1_0.centro_trabajo,u1_0.contraseña,u1_0.creado_por,u1_0.disponibilidad_horas_extras,u1_0.email,u1_0.fecha_creacion,u1_0.fecha_modificacion,u1_0.localidad,u1_0.modificado_por,u1_0.nombre,u1_0.preferencias_horarias,u1_0.puesto,u1_0.rol,u1_0.telefono from usuarios u1_0 where u1_0.email=?
Hibernate: select v1_0.usuario_id,v1_0.id,v1_0.creado_por,v1_0.destino,v1_0.estado,v1_0.fecha_creacion,v1_0.fecha_modificacion,v1_0.fecha_salida,v1_0.hora_salida,v1_0.modificado_por,v1_0.origen,v1_0.plazas,v1_0.vehiculo_id from viajes v1_0 where v1_0.usuario_id=?
]]></system-out>
  </testcase>
  <testcase name="listarUsuariosConVehiculos" classname="com.calendario.trabajadores.services.user.UserServiceTest" time="0.062">
    <system-out><![CDATA[Hibernate: select u1_0.id,u1_0.activo,u1_0.apellido1,u1_0.apellido2,u1_0.centro_trabajo,u1_0.contraseña,u1_0.creado_por,u1_0.disponibilidad_horas_extras,u1_0.email,u1_0.fecha_creacion,u1_0.fecha_modificacion,u1_0.localidad,u1_0.modificado_por,u1_0.nombre,u1_0.preferencias_horarias,u1_0.puesto,u1_0.rol,u1_0.telefono,v1_0.id,v1_0.activo,v1_0.creado_por,v1_0.fecha_creacion,v1_0.fecha_modificacion,v1_0.matricula,v1_0.modelo_coche,v1_0.modificado_por,v1_0.plazas,v1_0.usuario_id from usuarios u1_0 left join vehiculos v1_0 on u1_0.id=v1_0.usuario_id
]]></system-out>
  </testcase>
  <testcase name="listarUsuariosConViajes" classname="com.calendario.trabajadores.services.user.UserServiceTest" time="0.006">
    <system-out><![CDATA[Hibernate: select u1_0.id,u1_0.activo,u1_0.apellido1,u1_0.apellido2,u1_0.centro_trabajo,u1_0.contraseña,u1_0.creado_por,u1_0.disponibilidad_horas_extras,u1_0.email,u1_0.fecha_creacion,u1_0.fecha_modificacion,u1_0.localidad,u1_0.modificado_por,u1_0.nombre,u1_0.preferencias_horarias,u1_0.puesto,u1_0.rol,u1_0.telefono from usuarios u1_0
Hibernate: select v1_0.usuario_id,v1_0.id,v1_0.creado_por,v1_0.destino,v1_0.estado,v1_0.fecha_creacion,v1_0.fecha_modificacion,v1_0.fecha_salida,v1_0.hora_salida,v1_0.modificado_por,v1_0.origen,v1_0.plazas,v1_0.vehiculo_id from viajes v1_0 where v1_0.usuario_id=?
]]></system-out>
  </testcase>
  <testcase name="borrarUsuarioDefinitivamente" classname="com.calendario.trabajadores.services.user.UserServiceTest" time="0.01">
    <system-out><![CDATA[Hibernate: select u1_0.id,u1_0.activo,u1_0.apellido1,u1_0.apellido2,u1_0.centro_trabajo,u1_0.contraseña,u1_0.creado_por,u1_0.disponibilidad_horas_extras,u1_0.email,u1_0.fecha_creacion,u1_0.fecha_modificacion,u1_0.localidad,u1_0.modificado_por,u1_0.nombre,u1_0.preferencias_horarias,u1_0.puesto,u1_0.rol,u1_0.telefono from usuarios u1_0 where u1_0.id=?
Hibernate: select uv1_0.usuario_id,uv1_0.id,uv1_0.viaje_id,v1_0.id,v1_0.usuario_id,v1_0.creado_por,v1_0.destino,v1_0.estado,v1_0.fecha_creacion,v1_0.fecha_modificacion,v1_0.fecha_salida,v1_0.hora_salida,v1_0.modificado_por,v1_0.origen,v1_0.plazas,v1_0.vehiculo_id from usuario_viaje uv1_0 left join viajes v1_0 on v1_0.id=uv1_0.viaje_id where uv1_0.usuario_id=?
Hibernate: select v1_0.usuario_id,v1_0.id,v1_0.activo,v1_0.creado_por,v1_0.fecha_creacion,v1_0.fecha_modificacion,v1_0.matricula,v1_0.modelo_coche,v1_0.modificado_por,v1_0.plazas from vehiculos v1_0 where v1_0.usuario_id=?
Hibernate: select v1_0.usuario_id,v1_0.id,v1_0.creado_por,v1_0.destino,v1_0.estado,v1_0.fecha_creacion,v1_0.fecha_modificacion,v1_0.fecha_salida,v1_0.hora_salida,v1_0.modificado_por,v1_0.origen,v1_0.plazas,v1_0.vehiculo_id from viajes v1_0 where v1_0.usuario_id=?
]]></system-out>
  </testcase>
</testsuite>